<?xml version="1.0" encoding="UTF-8"?>
<!-- Generated by org.testng.reporters.JUnitXMLReporter -->
<testsuite ignored="2" hostname="DESKTOP-U59VHUT" failures="0" tests="4" name="Test" time="0.07" errors="0" timestamp="2023-05-06T12:18:23 BDT">
  <testcase classname="testng.loan.PersonalLoan" name="personalAdvanceDesktop" time="0.012"/>
  <testcase classname="testng.loan.PersonalLoan" name="personalAdvanceWeb" time="0.001"/>
  <testcase classname="testng.loan.PersonalLoan" name="personalLoanDesktop" time="0.001"/>
  <testcase classname="testng.loan.PersonalLoan" name="personalLoanWeb" time="0.004"/>
  <testcase classname="testng.loan.PersonalLoan" name="personalLoanMobile" time="0.0">
    <ignored/>
  </testcase> <!-- personalLoanMobile -->
  <testcase classname="testng.loan.PersonalLoan" name="personalAdvanceMobile" time="0.0">
    <ignored/>
  </testcase> <!-- personalAdvanceMobile -->
</testsuite> <!-- Test -->
